2020-01-08 14:34:46,765 INFO [restartedMain] c.n.c.CommunityApplication [StartupInfoLogger.java:55] Starting CommunityApplication on DESKTOP-5B0H9M6 with PID 19692 (D:\spring_community\community\target\classes started by Administrator in D:\spring_community\community)
2020-01-08 14:34:46,766 INFO [restartedMain] c.n.c.CommunityApplication [SpringApplication.java:651] No active profile set, falling back to default profiles: default
2020-01-08 14:34:47,110 INFO [restartedMain] o.s.b.w.e.t.TomcatWebServer [TomcatWebServer.java:92] Tomcat initialized with port(s): 8080 (http)
2020-01-08 14:34:47,111 INFO [restartedMain] o.a.c.c.StandardService [DirectJDKLog.java:173] Starting service [Tomcat]
2020-01-08 14:34:47,111 INFO [restartedMain] o.a.c.c.StandardEngine [DirectJDKLog.java:173] Starting Servlet engine: [Apache Tomcat/9.0.29]
2020-01-08 14:34:47,150 INFO [restartedMain] o.a.c.c.C.[.[.[/community] [DirectJDKLog.java:173] Initializing Spring embedded WebApplicationContext
2020-01-08 14:34:47,150 INFO [restartedMain] o.s.w.c.ContextLoader [ServletWebServerApplicationContext.java:284] Root WebApplicationContext: initialization completed in 380 ms
2020-01-08 14:34:47,341 INFO [restartedMain] o.s.s.c.ThreadPoolTaskExecutor [ExecutorConfigurationSupport.java:171] Initializing ExecutorService 'applicationTaskExecutor'
2020-01-08 14:34:47,357 INFO [restartedMain] o.s.b.a.w.s.WelcomePageHandlerMapping [WelcomePageHandlerMapping.java:58] Adding welcome page template: index
2020-01-08 14:34:47,418 INFO [restartedMain] o.s.b.d.a.OptionalLiveReloadServer [OptionalLiveReloadServer.java:58] LiveReload server is running on port 35729
2020-01-08 14:34:47,433 INFO [restartedMain] o.s.b.w.e.t.TomcatWebServer [TomcatWebServer.java:204] Tomcat started on port(s): 8080 (http) with context path '/community'
2020-01-08 14:34:47,434 INFO [restartedMain] c.n.c.CommunityApplication [StartupInfoLogger.java:61] Started CommunityApplication in 0.999 seconds (JVM running for 13189.458)
2020-01-08 14:34:47,436 INFO [restartedMain] o.s.b.d.a.ConditionEvaluationDeltaLoggingListener [ConditionEvaluationDeltaLoggingListener.java:63] Condition evaluation unchanged
2020-01-08 14:34:49,805 INFO [main] c.n.c.LoggerTests [StartupInfoLogger.java:55] Starting LoggerTests on DESKTOP-5B0H9M6 with PID 27696 (started by Administrator in D:\spring_community\community)
2020-01-08 14:34:49,812 INFO [main] c.n.c.LoggerTests [SpringApplication.java:651] No active profile set, falling back to default profiles: default
2020-01-08 14:34:52,368 INFO [main] o.s.s.c.ThreadPoolTaskExecutor [ExecutorConfigurationSupport.java:171] Initializing ExecutorService 'applicationTaskExecutor'
2020-01-08 14:34:52,480 INFO [main] o.s.b.a.w.s.WelcomePageHandlerMapping [WelcomePageHandlerMapping.java:58] Adding welcome page template: index
2020-01-08 14:34:52,816 INFO [main] c.n.c.LoggerTests [StartupInfoLogger.java:61] Started LoggerTests in 3.629 seconds (JVM running for 5.137)
2020-01-08 14:34:53,247 INFO [main] c.n.c.LoggerTests [LoggerTests.java:23] info log
2020-01-08 14:34:53,266 INFO [SpringContextShutdownHook] o.s.s.c.ThreadPoolTaskExecutor [ExecutorConfigurationSupport.java:208] Shutting down ExecutorService 'applicationTaskExecutor'
